<?xml version="1.0" encoding="UTF-8"?>
<testng-results ignored="0" total="1" passed="1" failed="0" skipped="0">
  <reporter-output>
  </reporter-output>
  <suite started-at="2025-07-10T13:19:05Z" name="Default suite" finished-at="2025-07-10T13:19:35Z" duration-ms="29866">
    <groups>
    </groups>
    <test started-at="2025-07-10T13:19:05Z" name="Default test" finished-at="2025-07-10T13:19:35Z" duration-ms="29866">
      <class name="CatCheck.DHT_WorkFlow_Extentreport">
        <test-method is-config="true" signature="SetUpReport()[pri:0, instance:CatCheck.DHT_WorkFlow_Extentreport@fd07cbb]" started-at="2025-07-10T13:19:05Z" name="SetUpReport" finished-at="2025-07-10T13:19:05Z" duration-ms="182" status="PASS">
          <reporter-output>
          </reporter-output>
        </test-method> <!-- SetUpReport -->
        <test-method is-config="true" signature="beforeTest(org.testng.ITestResult)[pri:0, instance:CatCheck.DHT_WorkFlow_Extentreport@fd07cbb]" started-at="2025-07-10T13:19:05Z" name="beforeTest" finished-at="2025-07-10T13:19:05Z" duration-ms="4" status="PASS">
          <params>
            <param index="0">
              <value>
                <![CDATA[[TestResult name=Workflow status=SUCCESS method=DHT_WorkFlow_Extentreport.Workflow()[pri:0, instance:CatCheck.DHT_WorkFlow_Extentreport@fd07cbb] output={null}]]]>
              </value>
            </param>
          </params>
          <reporter-output>
          </reporter-output>
        </test-method> <!-- beforeTest -->
        <test-method signature="Workflow()[pri:0, instance:CatCheck.DHT_WorkFlow_Extentreport@fd07cbb]" started-at="2025-07-10T13:19:05Z" name="Workflow" finished-at="2025-07-10T13:19:35Z" duration-ms="29471" status="PASS">
          <reporter-output>
          </reporter-output>
        </test-method> <!-- Workflow -->
        <test-method is-config="true" signature="EndSetup()[pri:0, instance:CatCheck.DHT_WorkFlow_Extentreport@fd07cbb]" started-at="2025-07-10T13:19:35Z" name="EndSetup" finished-at="2025-07-10T13:19:35Z" duration-ms="202" status="PASS">
          <reporter-output>
          </reporter-output>
        </test-method> <!-- EndSetup -->
        <test-method is-config="true" signature="UpdateResult(org.testng.ITestResult)[pri:0, instance:CatCheck.DHT_WorkFlow_Extentreport@fd07cbb]" started-at="2025-07-10T13:19:35Z" name="UpdateResult" finished-at="2025-07-10T13:19:35Z" duration-ms="0" status="PASS">
          <params>
            <param index="0">
              <value>
                <![CDATA[[TestResult name=Workflow status=SUCCESS method=DHT_WorkFlow_Extentreport.Workflow()[pri:0, instance:CatCheck.DHT_WorkFlow_Extentreport@fd07cbb] output={null}]]]>
              </value>
            </param>
          </params>
          <reporter-output>
          </reporter-output>
        </test-method> <!-- UpdateResult -->
      </class> <!-- CatCheck.DHT_WorkFlow_Extentreport -->
    </test> <!-- Default test -->
  </suite> <!-- Default suite -->
</testng-results>
