<?xml version="1.0" encoding="UTF-8"?>
<testng-results ignored="0" total="2" passed="2" failed="0" skipped="0">
  <reporter-output>
  </reporter-output>
  <suite started-at="2025-06-18T05:34:27Z" name="Suite" finished-at="2025-06-18T05:34:27Z" duration-ms="96">
    <groups>
    </groups>
    <test started-at="2025-06-18T05:34:27Z" name="Chrome Test" finished-at="2025-06-18T05:34:27Z" duration-ms="23">
      <class name="Lecture9.Parallel_Test_Paramertrize">
        <test-method signature="launchBrowser(java.lang.String, java.lang.String)[pri:0, instance:Lecture9.Parallel_Test_Paramertrize@6aaceffd]" started-at="2025-06-18T05:34:27Z" name="launchBrowser" finished-at="2025-06-18T05:34:27Z" duration-ms="6" status="PASS">
          <params>
            <param index="0">
              <value>
                <![CDATA[chrome]]>
              </value>
            </param>
            <param index="1">
              <value>
                <![CDATA[http://google.com]]>
              </value>
            </param>
          </params>
          <reporter-output>
          </reporter-output>
        </test-method> <!-- launchBrowser -->
      </class> <!-- Lecture9.Parallel_Test_Paramertrize -->
    </test> <!-- Chrome Test -->
    <test started-at="2025-06-18T05:34:27Z" name="Firefox Test" finished-at="2025-06-18T05:34:27Z" duration-ms="2">
      <class name="Lecture9.Parallel_Test_Paramertrize">
        <test-method signature="launchBrowser(java.lang.String, java.lang.String)[pri:0, instance:Lecture9.Parallel_Test_Paramertrize@17a7f733]" started-at="2025-06-18T05:34:27Z" name="launchBrowser" finished-at="2025-06-18T05:34:27Z" duration-ms="0" status="PASS">
          <params>
            <param index="0">
              <value>
                <![CDATA[firefox]]>
              </value>
            </param>
            <param index="1">
              <value>
                <![CDATA[http://google.com]]>
              </value>
            </param>
          </params>
          <reporter-output>
          </reporter-output>
        </test-method> <!-- launchBrowser -->
      </class> <!-- Lecture9.Parallel_Test_Paramertrize -->
    </test> <!-- Firefox Test -->
  </suite> <!-- Suite -->
</testng-results>
