<?xml version="1.0" encoding="UTF-8"?>
<testng-results total="1" passed="1" failed="0" skipped="0">
  <reporter-output>
  </reporter-output>
  <suite started-at="2025-06-17T10:02:53Z" name="Default suite" finished-at="2025-06-17T10:03:01Z" duration-ms="8318">
    <groups>
    </groups>
    <test started-at="2025-06-17T10:02:53Z" name="Default test" finished-at="2025-06-17T10:03:01Z" duration-ms="8318">
      <class name="TestNG_Practice.Search_Ebay">
        <test-method signature="search()[pri:0, instance:TestNG_Practice.Search_Ebay@217ed35e]" started-at="2025-06-17T15:32:53Z" name="search" finished-at="2025-06-17T15:33:01Z" duration-ms="8310" status="PASS">
          <reporter-output>
          </reporter-output>
        </test-method> <!-- search -->
      </class> <!-- TestNG_Practice.Search_Ebay -->
    </test> <!-- Default test -->
  </suite> <!-- Default suite -->
</testng-results>
