<?xml version="1.0" encoding="UTF-8"?>
<!-- Generated by org.testng.reporters.JUnitXMLReporter -->
<testsuite ignored="0" hostname="LAPTOP-TUN1U03P" failures="0" tests="3" name="Add Customer Test" time="19.067" errors="0" timestamp="10 Jul 2022 16:13:12 GMT">
  <testcase classname="testcases.AddCustomerTest" name="addCustomer" time="6.621"/>
  <testcase classname="testcases.AddCustomerTest" name="addCustomer" time="6.186"/>
  <testcase classname="testcases.AddCustomerTest" name="addCustomer" time="6.241"/>
</testsuite> <!-- Add Customer Test -->
