<?xml version="1.0" encoding="UTF-8"?>
<testng-results ignored="0" total="4" passed="4" failed="0" skipped="0">
  <reporter-output>
  </reporter-output>
  <suite started-at="2022-07-10T16:12:52Z" name="Suite" finished-at="2022-07-10T16:13:12Z" duration-ms="19907">
    <groups>
    </groups>
    <test started-at="2022-07-10T16:12:52Z" name="BankManager Login Test" finished-at="2022-07-10T16:12:52Z" duration-ms="560">
      <class name="testcases.BankManagerLoginTest">
        <test-method signature="loginAsBankManager()[pri:0, instance:testcases.BankManagerLoginTest@21ec5d87]" started-at="2022-07-10T16:12:52Z" name="loginAsBankManager" finished-at="2022-07-10T16:12:52Z" duration-ms="545" status="PASS">
          <reporter-output>
          </reporter-output>
        </test-method> <!-- loginAsBankManager -->
      </class> <!-- testcases.BankManagerLoginTest -->
    </test> <!-- BankManager Login Test -->
    <test started-at="2022-07-10T16:12:52Z" name="Add Customer Test" finished-at="2022-07-10T16:13:12Z" duration-ms="19067">
      <class name="testcases.AddCustomerTest">
        <test-method is-config="true" signature="setUp()[pri:0, instance:testcases.AddCustomerTest@2e77b8cf]" started-at="2022-07-10T16:12:48Z" name="setUp" finished-at="2022-07-10T16:12:52Z" duration-ms="4129" status="PASS">
          <reporter-output>
          </reporter-output>
        </test-method> <!-- setUp -->
        <test-method signature="addCustomer(java.lang.String, java.lang.String, java.lang.String)[pri:0, instance:testcases.AddCustomerTest@2e77b8cf]" started-at="2022-07-10T16:12:53Z" name="addCustomer" data-provider="dp" finished-at="2022-07-10T16:12:59Z" duration-ms="6621" status="PASS">
          <params>
            <param index="0">
              <value>
                <![CDATA[Rahul]]>
              </value>
            </param>
            <param index="1">
              <value>
                <![CDATA[Arora]]>
              </value>
            </param>
            <param index="2">
              <value>
                <![CDATA[A23424]]>
              </value>
            </param>
          </params>
          <reporter-output>
          </reporter-output>
        </test-method> <!-- addCustomer -->
        <test-method signature="addCustomer(java.lang.String, java.lang.String, java.lang.String)[pri:0, instance:testcases.AddCustomerTest@2e77b8cf]" started-at="2022-07-10T16:12:59Z" name="addCustomer" data-provider="dp" finished-at="2022-07-10T16:13:05Z" duration-ms="6186" status="PASS">
          <params>
            <param index="0">
              <value>
                <![CDATA[Cory]]>
              </value>
            </param>
            <param index="1">
              <value>
                <![CDATA[Paul]]>
              </value>
            </param>
            <param index="2">
              <value>
                <![CDATA[A234324]]>
              </value>
            </param>
          </params>
          <reporter-output>
          </reporter-output>
        </test-method> <!-- addCustomer -->
        <test-method signature="addCustomer(java.lang.String, java.lang.String, java.lang.String)[pri:0, instance:testcases.AddCustomerTest@2e77b8cf]" started-at="2022-07-10T16:13:05Z" name="addCustomer" data-provider="dp" finished-at="2022-07-10T16:13:12Z" duration-ms="6241" status="PASS">
          <params>
            <param index="0">
              <value>
                <![CDATA[Abhi]]>
              </value>
            </param>
            <param index="1">
              <value>
                <![CDATA[Jha]]>
              </value>
            </param>
            <param index="2">
              <value>
                <![CDATA[Awwe34]]>
              </value>
            </param>
          </params>
          <reporter-output>
          </reporter-output>
        </test-method> <!-- addCustomer -->
        <test-method is-config="true" signature="tearDown()[pri:0, instance:testcases.AddCustomerTest@2e77b8cf]" started-at="2022-07-10T16:13:12Z" name="tearDown" finished-at="2022-07-10T16:13:12Z" duration-ms="256" status="PASS">
          <reporter-output>
          </reporter-output>
        </test-method> <!-- tearDown -->
      </class> <!-- testcases.AddCustomerTest -->
    </test> <!-- Add Customer Test -->
  </suite> <!-- Suite -->
</testng-results>
